<?xml version="1.0" encoding="UTF-8"?>
<testng-results ignored="0" total="2" passed="2" failed="0" skipped="0">
  <reporter-output>
  </reporter-output>
  <suite started-at="2022-06-11T14:11:38 WIB" name="UsersSuite" finished-at="2022-06-11T14:11:42 WIB" duration-ms="3839">
    <groups>
    </groups>
    <test started-at="2022-06-11T14:11:38 WIB" name="UsersTest" finished-at="2022-06-11T14:11:42 WIB" duration-ms="3839">
      <class name="users.SingleUserTest">
        <test-method signature="successGetSingleUser(org.testng.ITestContext)[pri:0, instance:users.SingleUserTest@358c99f5]" started-at="2022-06-11T14:11:41 WIB" name="successGetSingleUser" finished-at="2022-06-11T14:11:42 WIB" duration-ms="202" status="PASS">
          <params>
            <param index="0">
              <value>
                <![CDATA[org.testng.TestRunner@5a63f509]]>
              </value>
            </param>
          </params>
          <reporter-output>
          </reporter-output>
        </test-method> <!-- successGetSingleUser -->
      </class> <!-- users.SingleUserTest -->
      <class name="users.ListUsersTest">
        <test-method signature="successGetUsers(org.testng.ITestContext)[pri:0, instance:users.ListUsersTest@780cb77]" started-at="2022-06-11T14:11:38 WIB" name="successGetUsers" finished-at="2022-06-11T14:11:41 WIB" duration-ms="3573" status="PASS">
          <params>
            <param index="0">
              <value>
                <![CDATA[org.testng.TestRunner@5a63f509]]>
              </value>
            </param>
          </params>
          <reporter-output>
          </reporter-output>
        </test-method> <!-- successGetUsers -->
      </class> <!-- users.ListUsersTest -->
    </test> <!-- UsersTest -->
  </suite> <!-- UsersSuite -->
</testng-results>
